[dotenv@17.2.3] injecting env (5) from .env -- tip: ⚙️  enable debug logging with { debug: true }
[dotenv@17.2.3] injecting env (0) from .env -- tip: 🔄 add secrets lifecycle management: https://dotenvx.com/ops

========================================
🚀 Equipment Parts Management API
========================================
📡 Server: http://localhost:3000
🔧 Test: http://localhost:3000/api/test
========================================
📦 Available Routes:
   /api/brands
   /api/categories
   /api/colors
   /api/parts
   /api/parts-categories
   /api/equipment
   /api/equipment-parts
   /api/parts-colors
========================================

✅ Database connected successfully!
[dotenv@17.2.3] injecting env (5) from .env -- tip: ⚙️  load multiple .env files with { path: ['.env.local', '.env'] }
[dotenv@17.2.3] injecting env (0) from .env -- tip: ✅ audit secrets and track compliance: https://dotenvx.com/ops

========================================
🚀 Equipment Parts Management API
========================================
📡 Server: http://localhost:3000
🔧 Test: http://localhost:3000/api/test
========================================
📦 Available Routes:
   /api/brands
   /api/categories
   /api/colors
   /api/parts
   /api/parts-categories
   /api/equipment
   /api/equipment-parts
   /api/parts-colors
========================================

✅ Database connected successfully!
GET /api/brands - 2026-01-02T18:45:29.274Z
GET /api/categories - 2026-01-02T18:45:29.279Z
GET /api/colors - 2026-01-02T18:45:29.281Z
GET /api/parts/detailed - 2026-01-02T18:45:29.283Z
GET /api/equipment/detailed - 2026-01-02T18:45:29.285Z
GET /api/brands - 2026-01-02T18:45:29.295Z
GET /api/colors - 2026-01-02T18:45:29.310Z
GET /api/parts/detailed - 2026-01-02T18:45:29.311Z
GET /api/categories - 2026-01-02T18:45:29.311Z
GET /api/equipment/detailed - 2026-01-02T18:45:29.312Z
GET /api/parts/detailed - 2026-01-02T18:45:31.318Z
GET /api/parts-categories - 2026-01-02T18:45:31.318Z
GET /api/parts/detailed - 2026-01-02T18:45:31.321Z
GET /api/parts-categories - 2026-01-02T18:45:31.322Z
GET /api/equipment/detailed - 2026-01-02T18:45:32.016Z
GET /api/categories - 2026-01-02T18:45:32.017Z
GET /api/brands - 2026-01-02T18:45:32.020Z
GET /api/parts/detailed - 2026-01-02T18:45:32.020Z
GET /api/colors - 2026-01-02T18:45:32.021Z
GET /api/parts-colors - 2026-01-02T18:45:32.021Z
GET /api/equipment/detailed - 2026-01-02T18:45:32.022Z
GET /api/categories - 2026-01-02T18:45:32.025Z
GET /api/brands - 2026-01-02T18:45:32.026Z
GET /api/parts/detailed - 2026-01-02T18:45:32.026Z
GET /api/colors - 2026-01-02T18:45:32.027Z
GET /api/parts-colors - 2026-01-02T18:45:32.027Z
GET /api/parts/detailed - 2026-01-02T18:45:32.729Z
GET /api/parts-categories - 2026-01-02T18:45:32.730Z
GET /api/parts/detailed - 2026-01-02T18:45:32.732Z
GET /api/parts-categories - 2026-01-02T18:45:32.733Z
GET /api/parts-colors - 2026-01-02T18:45:33.167Z
GET /api/parts-colors/low-stock - 2026-01-02T18:45:33.168Z
GET /api/parts/detailed - 2026-01-02T18:45:33.169Z
GET /api/colors - 2026-01-02T18:45:33.169Z
GET /api/parts-colors - 2026-01-02T18:45:33.172Z
GET /api/parts-colors/low-stock - 2026-01-02T18:45:33.172Z
GET /api/parts/detailed - 2026-01-02T18:45:33.173Z
GET /api/colors - 2026-01-02T18:45:33.173Z
GET /api/parts-colors - 2026-01-02T18:45:33.823Z
GET /api/parts-colors/low-stock - 2026-01-02T18:45:33.823Z
GET /api/equipment/detailed - 2026-01-02T18:45:33.824Z
GET /api/parts/detailed - 2026-01-02T18:45:33.824Z
GET /api/inventory/transactions - 2026-01-02T18:45:33.827Z
GET /api/parts-colors - 2026-01-02T18:45:33.828Z
GET /api/parts-colors/low-stock - 2026-01-02T18:45:33.829Z
GET /api/equipment/detailed - 2026-01-02T18:45:33.829Z
GET /api/parts/detailed - 2026-01-02T18:45:33.830Z
GET /api/inventory/transactions - 2026-01-02T18:45:33.830Z
GET /api/brands - 2026-01-02T18:45:34.770Z
GET /api/brands - 2026-01-02T18:45:34.772Z
GET /api/parts-colors - 2026-01-02T18:45:35.576Z
GET /api/parts-colors/low-stock - 2026-01-02T18:45:35.577Z
GET /api/equipment/detailed - 2026-01-02T18:45:35.577Z
GET /api/parts/detailed - 2026-01-02T18:45:35.578Z
GET /api/inventory/transactions - 2026-01-02T18:45:35.580Z
GET /api/parts-colors - 2026-01-02T18:45:35.582Z
GET /api/parts-colors/low-stock - 2026-01-02T18:45:35.582Z
GET /api/equipment/detailed - 2026-01-02T18:45:35.582Z
GET /api/inventory/transactions - 2026-01-02T18:45:35.583Z
GET /api/parts/detailed - 2026-01-02T18:45:35.583Z
[dotenv@17.2.3] injecting env (5) from .env -- tip: ⚙️  load multiple .env files with { path: ['.env.local', '.env'] }
[dotenv@17.2.3] injecting env (0) from .env -- tip: 🔐 prevent committing .env to code: https://dotenvx.com/precommit

========================================
🚀 Equipment Parts Management API
========================================
📡 Server: http://localhost:3000
🔧 Test: http://localhost:3000/api/test
========================================
📦 Available Routes:
   /api/brands
   /api/categories
   /api/colors
   /api/parts
   /api/parts-categories
   /api/equipment
   /api/equipment-parts
   /api/parts-colors
========================================

✅ Database connected successfully!
GET /api/brands - 2026-01-02T18:45:53.627Z
GET /api/colors - 2026-01-02T18:45:53.633Z
GET /api/equipment/detailed - 2026-01-02T18:45:53.635Z
GET /api/parts/detailed - 2026-01-02T18:45:53.639Z
GET /api/categories - 2026-01-02T18:45:53.643Z
GET /api/brands - 2026-01-02T18:45:53.647Z
GET /api/colors - 2026-01-02T18:45:53.650Z
GET /api/parts/detailed - 2026-01-02T18:45:53.651Z
GET /api/equipment/detailed - 2026-01-02T18:45:53.654Z
GET /api/brands - 2026-01-02T18:45:55.655Z
GET /api/categories - 2026-01-02T18:45:55.660Z
GET /api/colors - 2026-01-02T18:45:55.661Z
GET /api/parts/detailed - 2026-01-02T18:45:55.662Z
GET /api/equipment/detailed - 2026-01-02T18:45:55.663Z
GET /api/brands - 2026-01-02T18:45:55.665Z
GET /api/categories - 2026-01-02T18:45:55.666Z
GET /api/colors - 2026-01-02T18:45:55.667Z
GET /api/parts/detailed - 2026-01-02T18:45:55.668Z
GET /api/equipment/detailed - 2026-01-02T18:45:55.668Z
GET /api/brands - 2026-01-02T18:48:48.601Z
GET /api/categories - 2026-01-02T18:48:48.603Z
GET /api/colors - 2026-01-02T18:48:48.603Z
GET /api/parts/detailed - 2026-01-02T18:48:48.605Z
GET /api/equipment/detailed - 2026-01-02T18:48:48.606Z
GET /api/brands - 2026-01-02T18:48:48.607Z
GET /api/categories - 2026-01-02T18:48:48.607Z
GET /api/colors - 2026-01-02T18:48:48.610Z
GET /api/parts/detailed - 2026-01-02T18:48:48.612Z
GET /api/equipment/detailed - 2026-01-02T18:48:48.613Z
GET /api/brands - 2026-01-02T18:48:49.803Z
GET /api/categories - 2026-01-02T18:48:49.803Z
GET /api/colors - 2026-01-02T18:48:49.804Z
GET /api/parts/detailed - 2026-01-02T18:48:49.804Z
GET /api/equipment/detailed - 2026-01-02T18:48:49.805Z
GET /api/brands - 2026-01-02T18:48:49.808Z
GET /api/categories - 2026-01-02T18:48:49.809Z
GET /api/colors - 2026-01-02T18:48:49.809Z
GET /api/parts/detailed - 2026-01-02T18:48:49.810Z
GET /api/equipment/detailed - 2026-01-02T18:48:49.817Z
GET /api/equipment/detailed - 2026-01-02T18:50:33.554Z
GET /api/categories - 2026-01-02T18:50:33.555Z
GET /api/brands - 2026-01-02T18:50:33.556Z
GET /api/colors - 2026-01-02T18:50:33.558Z
GET /api/parts/detailed - 2026-01-02T18:50:33.558Z
GET /api/equipment/detailed - 2026-01-02T18:50:33.559Z
GET /api/parts-colors - 2026-01-02T18:50:33.560Z
GET /api/categories - 2026-01-02T18:50:33.561Z
GET /api/brands - 2026-01-02T18:50:33.562Z
GET /api/colors - 2026-01-02T18:50:33.563Z
GET /api/parts/detailed - 2026-01-02T18:50:33.565Z
GET /api/parts-colors - 2026-01-02T18:50:33.566Z
GET /api/parts-colors - 2026-01-02T18:50:36.116Z
GET /api/parts-colors/low-stock - 2026-01-02T18:50:36.116Z
GET /api/parts/detailed - 2026-01-02T18:50:36.117Z
GET /api/colors - 2026-01-02T18:50:36.117Z
GET /api/parts-colors - 2026-01-02T18:50:36.121Z
GET /api/parts-colors/low-stock - 2026-01-02T18:50:36.121Z
GET /api/parts/detailed - 2026-01-02T18:50:36.122Z
GET /api/colors - 2026-01-02T18:50:36.122Z
GET /api/parts/detailed - 2026-01-02T18:50:36.609Z
GET /api/parts-categories - 2026-01-02T18:50:36.610Z
GET /api/parts/detailed - 2026-01-02T18:50:36.612Z
GET /api/parts-categories - 2026-01-02T18:50:36.612Z
GET /api/parts/detailed - 2026-01-02T18:51:57.831Z
GET /api/parts-categories - 2026-01-02T18:51:57.832Z
GET /api/parts/detailed - 2026-01-02T18:51:57.835Z
GET /api/parts-categories - 2026-01-02T18:51:57.836Z
GET /api/parts/detailed - 2026-01-02T18:52:00.041Z
GET /api/parts-categories - 2026-01-02T18:52:00.042Z
GET /api/parts/detailed - 2026-01-02T18:52:00.044Z
GET /api/parts-categories - 2026-01-02T18:52:00.045Z
GET /api/parts/detailed - 2026-01-02T18:52:00.636Z
GET /api/parts-categories - 2026-01-02T18:52:00.637Z
GET /api/parts/detailed - 2026-01-02T18:52:00.639Z
GET /api/parts-categories - 2026-01-02T18:52:00.640Z
GET /api/parts/detailed - 2026-01-02T18:52:00.780Z
GET /api/parts-categories - 2026-01-02T18:52:00.781Z
GET /api/parts/detailed - 2026-01-02T18:52:00.783Z
GET /api/parts-categories - 2026-01-02T18:52:00.784Z
GET /api/parts/detailed - 2026-01-02T18:52:00.952Z
GET /api/parts-categories - 2026-01-02T18:52:00.953Z
GET /api/parts/detailed - 2026-01-02T18:52:00.956Z
GET /api/parts-categories - 2026-01-02T18:52:00.956Z
GET /api/parts/detailed - 2026-01-02T18:52:01.117Z
GET /api/parts-categories - 2026-01-02T18:52:01.119Z
GET /api/parts/detailed - 2026-01-02T18:52:01.120Z
GET /api/parts-categories - 2026-01-02T18:52:01.122Z
GET /api/parts/detailed - 2026-01-02T18:52:01.264Z
GET /api/parts-categories - 2026-01-02T18:52:01.265Z
GET /api/parts/detailed - 2026-01-02T18:52:01.267Z
GET /api/parts-categories - 2026-01-02T18:52:01.268Z
GET /api/parts/detailed - 2026-01-02T18:52:01.426Z
GET /api/parts-categories - 2026-01-02T18:52:01.426Z
GET /api/parts/detailed - 2026-01-02T18:52:01.429Z
GET /api/parts-categories - 2026-01-02T18:52:01.430Z
GET /api/parts/detailed - 2026-01-02T18:52:01.592Z
GET /api/parts-categories - 2026-01-02T18:52:01.593Z
GET /api/parts/detailed - 2026-01-02T18:52:01.596Z
GET /api/parts-categories - 2026-01-02T18:52:01.597Z
